
ROM used: 299 (4%)
          299 (4%) including unused fragments

          1 Average locations per line
          10 Average locations per statement

RAM used: 16 (4%) at main() level
          18 (5%) worst case

Stack used: 2 worst case (out of 8 total available)

Lines Stmts  %   Files
----- ----- ---  -----
   47    29 100  bluetooth.c
   18     0   0  bluetooth.h
  326     0   0  ..\..\..\Program Files (x86)\PICC\devices\16F877A.h
----- -----
  391    29 Total

Page ROM  %  RAM   Vol Diff  Functions:
---- --- --- ---   --- ----  ----------
0     22   7   1             @delay_ms1
0      9   3   0    42  1.4  RDA_isr
0    141  47   1   646  4.2  MAIN
0      4   1   0             @const75
0     74  25   3             @PSTRINGC7_9600_62_63

Program metrics:
    Functions               2
    Statements              29
    Comments                76
    Volume (V)              754
    Difficilty (D)          5.7
    Effort to implement (E) 4267
    Time to implement (T)   4 minutes
    Est Delivered Bugs (B)  0
    Cyclomatic Complexity   5
    Maintainability (MI)    90

 Segment     Used  Free
-----------  ----  ----
00000-00003     4  0  
00004-00030    45  0  
00031-007FF   250  1749  
00800-00FFF     0  2048  
01000-017FF     0  2048  
01800-01FFF     0  2048  



