
ROM used: 283 (3%)
          283 (3%) including unused fragments

          1 Average locations per line
          4 Average locations per statement

RAM used: 8 (2%) at main() level
          9 (2%) worst case

Stack used: 2 worst case (out of 8 total available)

Lines Stmts  %   Files
----- ----- ---  -----
  124    66 100  setesegmento.c
  308     0   0  ..\..\Program Files (x86)\PICC\devices\16F877A.h
----- -----
  432    66 Total

Page ROM  %  RAM   Vol Diff  Functions:
---- --- --- ---   --- ----  ----------
0     20   7   1             @delay_ms1
0     90  32   1   584  2.4  AjustaDezena
0     83  29   0   450  1.4  ContaUnidades
0     86  30   1   436  4.7  MAIN

Program metrics:
    Functions               3
    Statements              66
    Comments                75
    Volume (V)              1890
    Difficilty (D)          8.5
    Effort to implement (E) 16059
    Time to implement (T)   15 minutes
    Est Delivered Bugs (B)  0
    Cyclomatic Complexity   11
    Maintainability (MI)    136

 Segment     Used  Free
-----------  ----  ----
00000-00003     4  0  
00004-007FF   279  1765  
00800-00FFF     0  2048  
01000-017FF     0  2048  
01800-01FFF     0  2048  



THE FOLLOWING IS TEMPORARY FOR DIAGNOSTIC USE ONLY:

    n1    n2    N1    N2   v(G)
     0     1     0     0     0    @delay_ms1
     5    44    62    42    10    AjustaDezena
     3    42    42    40     0    ContaUnidades
    10    38    42    36     1    MAIN
